<?xml version="1.0" encoding="UTF-8"?>
<!-- Generated by org.testng.reporters.JUnitReportReporter -->
<testsuite hostname="LAPTOP-00LJ2F6F" failures="0" tests="1" name="AWSAPIChaning.EndToEndTest" time="3.132" errors="0" timestamp="13 Jun 2022 19:11:41 GMT" skipped="0">
  <testcase classname="AWSAPIChaning.EndToEndTest" name="test1" time="3.132"/>
</testsuite> <!-- AWSAPIChaning.EndToEndTest -->
